TN:
SF:D:\jenkins\TypescriptMochaWebpackDemo\src\MovieDataService.ts
FN:4,(anonymous_0)
FN:5,Movie
FN:13,(anonymous_2)
FN:14,MovieDataService
FN:16,(anonymous_4)
FN:18,(anonymous_5)
FN:19,(anonymous_6)
FN:23,(anonymous_7)
FNF:8
FNH:8
FNDA:2,(anonymous_0)
FNDA:5,Movie
FNDA:2,(anonymous_2)
FNDA:2,MovieDataService
FNDA:1,(anonymous_4)
FNDA:1,(anonymous_5)
FNDA:1,(anonymous_6)
FNDA:4,(anonymous_7)
DA:2,2
DA:3,2
DA:4,2
DA:6,5
DA:7,5
DA:8,5
DA:10,2
DA:12,2
DA:13,2
DA:16,2
DA:17,1
DA:18,1
DA:19,1
DA:21,1
DA:23,2
DA:24,4
DA:26,2
DA:28,2
LF:18
LH:18
BRF:0
BRH:0
end_of_record
TN:
SF:D:\jenkins\TypescriptMochaWebpackDemo\src\MoviesViewModel.ts
FN:4,(anonymous_0)
FN:5,MoviesViewModel
FN:8,(anonymous_2)
FN:11,(anonymous_3)
FNF:4
FNH:4
FNDA:1,(anonymous_0)
FNDA:3,MoviesViewModel
FNDA:2,(anonymous_2)
FNDA:1,(anonymous_3)
DA:2,1
DA:3,1
DA:4,1
DA:6,3
DA:8,1
DA:9,2
DA:11,1
DA:12,1
DA:13,1
DA:15,1
DA:17,1
LF:11
LH:11
BRF:0
BRH:0
end_of_record
